#
# A fatal error has been detected by the Java Runtime Environment:
#
#  SIGBUS (0x7) at pc=0xb6439c7a, pid=31143, tid=1584782144
#
# JRE version: OpenJDK Runtime Environment (8.0_65-b17) (build 1.8.0_65-b17)
# Java VM: OpenJDK Server VM (25.65-b01 mixed mode linux-x86 )
# Problematic frame:
# C  [libzip.so+0x3c7a]
#
# Failed to write core dump. Core dumps have been disabled. To enable core dumping, try "ulimit -c unlimited" before starting Java again
#
# If you would like to submit a bug report, please visit:
#   http://bugreport.java.com/bugreport/crash.jsp
# The crash happened outside the Java Virtual Machine in native code.
# See problematic frame for where to report the bug.
#

---------------  T H R E A D  ---------------

Current thread (0x66704800):  JavaThread "Thread-13" [_thread_in_native, id=31428, stack(0x5e70d000,0x5e75e000)]

siginfo: si_signo: 7 (SIGBUS), si_code: 2 (BUS_ADRERR), si_addr: 0x6205ca49

Registers:
EAX=0x62fcab38, EBX=0xb643f000, ECX=0x61b48000, EDX=0x61b48008
ESP=0x5e75bc80, EBP=0x5e75bce8, ESI=0x6205ca2c, EDI=0x62fcab38
EIP=0xb6439c7a, EFLAGS=0x00010202, CR2=0x6205ca49

Top of Stack: (sp=0x5e75bc80)
0x5e75bc80:   00000000 00000000 00000000 00000000
0x5e75bc90:   00000000 00000000 00000000 b7143000
0x5e75bca0:   5e75bd85 9ac6435b 5e75bcc8 b6b8073d
0x5e75bcb0:   62fcaf10 b7143000 5e75bd18 b6b51483
0x5e75bcc0:   5e75bd85 62fcab38 5e75bce8 61b48008
0x5e75bcd0:   62fcaf10 00000000 b6439c2f b643f000
0x5e75bce0:   61f78048 62fcab38 5e75bd28 b643bf23
0x5e75bcf0:   00000000 00000020 5e75bd5a 0000002b 

Instructions: (pc=0xb6439c7a)
0xb6439c5a:   c7 40 24 00 00 00 00 c7 40 20 00 00 00 00 0f 84
0xb6439c6a:   ba 02 00 00 8b 45 dc 8b 76 08 2b 70 1c 03 70 10
0xb6439c7a:   0f b6 46 1d 0f b6 56 1c 89 75 e0 c1 e0 08 09 d0
0xb6439c8a:   0f b6 56 1e 89 45 cc 0f b6 46 1f c1 e0 08 09 d0 

Register to memory mapping:

EAX=0x62fcab38 is an unknown value
EBX=0xb643f000: <offset 0x9000> in /usr/lib/jvm/java-1.8.0-openjdk-1.8.0.65-3.b17.fc21.i386/jre/lib/i386/libzip.so at 0xb6436000
ECX=0x61b48000 is an unknown value
EDX=0x61b48008 is an unknown value
ESP=0x5e75bc80 is pointing into the stack for thread: 0x66704800
EBP=0x5e75bce8 is pointing into the stack for thread: 0x66704800
ESI=0x6205ca2c is an unknown value
EDI=0x62fcab38 is an unknown value


Stack: [0x5e70d000,0x5e75e000],  sp=0x5e75bc80,  free space=315k
Native frames: (J=compiled Java code, j=interpreted, Vv=VM code, C=native code)
C  [libzip.so+0x3c7a]
C  [libzip.so+0x5f23]
C  [libzip.so+0x3428]  Java_java_util_zip_ZipFile_getEntry+0x128
J 220  java.util.zip.ZipFile.getEntry(J[BZ)J (0 bytes) @ 0xa74011c7 [0xa7401120+0xa7]
J 2790 C2 java.util.zip.ZipFile.getEntry(Ljava/lang/String;)Ljava/util/zip/ZipEntry; (86 bytes) @ 0xa74a5a64 [0xa74a56e0+0x384]
J 2792 C2 java.util.jar.JarFile.getEntry(Ljava/lang/String;)Ljava/util/zip/ZipEntry; (22 bytes) @ 0xa73ee6c0 [0xa73ee6a0+0x20]
J 3216 C2 sun.misc.URLClassPath.getResource(Ljava/lang/String;Z)Lsun/misc/Resource; (83 bytes) @ 0xa7a03304 [0xa7a02f40+0x3c4]
J 228 C1 java.net.URLClassLoader$1.run()Ljava/lang/Class; (63 bytes) @ 0xa7407cb8 [0xa7407b00+0x1b8]
J 1977 C1 java.net.URLClassLoader$1.run()Ljava/lang/Object; (5 bytes) @ 0xa779a7c8 [0xa779a760+0x68]
v  ~StubRoutines::call_stub
V  [libjvm.so+0x516240]
V  [libjvm.so+0x73a2f9]
V  [libjvm.so+0x51554e]
V  [libjvm.so+0x560368]  JVM_DoPrivileged+0x5f8
C  [libjava.so+0xa055]  Java_java_security_AccessController_doPrivileged__Ljava_security_PrivilegedExceptionAction_2Ljava_security_AccessControlContext_2+0x25
J 226  java.security.AccessController.doPrivileged(Ljava/security/PrivilegedExceptionAction;Ljava/security/AccessControlContext;)Ljava/lang/Object; (0 bytes) @ 0xa74066cc [0xa7406620+0xac]
J 1849 C2 java.net.URLClassLoader.findClass(Ljava/lang/String;)Ljava/lang/Class; (47 bytes) @ 0xa772822c [0xa77281c0+0x6c]
J 2788 C2 java.lang.ClassLoader.loadClass(Ljava/lang/String;)Ljava/lang/Class; (7 bytes) @ 0xa7929fb8 [0xa7929b80+0x438]
v  ~StubRoutines::call_stub
V  [libjvm.so+0x516240]
V  [libjvm.so+0x73a2f9]
V  [libjvm.so+0x51401f]
V  [libjvm.so+0x514530]
V  [libjvm.so+0x83e3fd]
V  [libjvm.so+0x83cf5d]
V  [libjvm.so+0x83ea49]
V  [libjvm.so+0x394bc8]
V  [libjvm.so+0x5052b1]
j  org.eclipse.jetty.server.AbstractConnector.shutdown()Ljava/util/concurrent/Future;+0
j  org.eclipse.jetty.server.AbstractNetworkConnector.shutdown()Ljava/util/concurrent/Future;+5
j  org.eclipse.jetty.server.ServerConnector.shutdown()Ljava/util/concurrent/Future;+1
j  org.eclipse.jetty.server.Server.doStop()V+60
j  org.eclipse.jetty.util.component.AbstractLifeCycle.stop()V+30
j  org.eclipse.jetty.util.thread.ShutdownThread.run()V+41
v  ~StubRoutines::call_stub
V  [libjvm.so+0x516240]
V  [libjvm.so+0x73a2f9]
V  [libjvm.so+0x51401f]
V  [libjvm.so+0x5144b6]
V  [libjvm.so+0x551b2c]
V  [libjvm.so+0x86cd02]
V  [libjvm.so+0x733cb4]
C  [libpthread.so.0+0x6313]  start_thread+0xd3
C  [libc.so.6+0xf9f2e]  clone+0x5e

Java frames: (J=compiled Java code, j=interpreted, Vv=VM code)
J 220  java.util.zip.ZipFile.getEntry(J[BZ)J (0 bytes) @ 0xa7401183 [0xa7401120+0x63]
J 2790 C2 java.util.zip.ZipFile.getEntry(Ljava/lang/String;)Ljava/util/zip/ZipEntry; (86 bytes) @ 0xa74a5a64 [0xa74a56e0+0x384]
J 2792 C2 java.util.jar.JarFile.getEntry(Ljava/lang/String;)Ljava/util/zip/ZipEntry; (22 bytes) @ 0xa73ee6c0 [0xa73ee6a0+0x20]
J 3216 C2 sun.misc.URLClassPath.getResource(Ljava/lang/String;Z)Lsun/misc/Resource; (83 bytes) @ 0xa7a03304 [0xa7a02f40+0x3c4]
J 228 C1 java.net.URLClassLoader$1.run()Ljava/lang/Class; (63 bytes) @ 0xa7407cb8 [0xa7407b00+0x1b8]
J 1977 C1 java.net.URLClassLoader$1.run()Ljava/lang/Object; (5 bytes) @ 0xa779a7c8 [0xa779a760+0x68]
v  ~StubRoutines::call_stub
J 226  java.security.AccessController.doPrivileged(Ljava/security/PrivilegedExceptionAction;Ljava/security/AccessControlContext;)Ljava/lang/Object; (0 bytes) @ 0xa7406688 [0xa7406620+0x68]
J 1849 C2 java.net.URLClassLoader.findClass(Ljava/lang/String;)Ljava/lang/Class; (47 bytes) @ 0xa772822c [0xa77281c0+0x6c]
J 2788 C2 java.lang.ClassLoader.loadClass(Ljava/lang/String;)Ljava/lang/Class; (7 bytes) @ 0xa7929fb8 [0xa7929b80+0x438]
v  ~StubRoutines::call_stub
j  org.eclipse.jetty.server.AbstractConnector.shutdown()Ljava/util/concurrent/Future;+0
j  org.eclipse.jetty.server.AbstractNetworkConnector.shutdown()Ljava/util/concurrent/Future;+5
j  org.eclipse.jetty.server.ServerConnector.shutdown()Ljava/util/concurrent/Future;+1
j  org.eclipse.jetty.server.Server.doStop()V+60
j  org.eclipse.jetty.util.component.AbstractLifeCycle.stop()V+30
j  org.eclipse.jetty.util.thread.ShutdownThread.run()V+41
v  ~StubRoutines::call_stub

---------------  P R O C E S S  ---------------

Java Threads: ( => current thread )
=>0x66704800 JavaThread "Thread-13" [_thread_in_native, id=31428, stack(0x5e70d000,0x5e75e000)]
  0x62903800 JavaThread "SIGTERM handler" daemon [_thread_blocked, id=31417, stack(0x5e7af000,0x5e800000)]
  0x66503800 JavaThread "dw-45" [_thread_blocked, id=31315, stack(0x60178000,0x601c9000)]
  0x66813400 JavaThread "dw-44" [_thread_blocked, id=31314, stack(0x5eb5e000,0x5ebaf000)]
  0x65f10c00 JavaThread "dw-43" [_thread_blocked, id=31313, stack(0x5eb0d000,0x5eb5e000)]
  0x66138c00 JavaThread "dw-42" [_thread_blocked, id=31312, stack(0x5fb6b000,0x5fbbc000)]
  0x66138400 JavaThread "dw-41" [_thread_blocked, id=31309, stack(0x5ebaf000,0x5ec00000)]
  0x65f08400 JavaThread "dw-36" [_thread_blocked, id=31258, stack(0x5fa1a000,0x5fa6b000)]
  0x66311000 JavaThread "Scheduler-3235618" [_thread_blocked, id=31249, stack(0x5fbbc000,0x5fc0d000)]
  0x62d04800 JavaThread "dw-32" [_thread_blocked, id=31239, stack(0x5fc0d000,0x5fc5e000)]
  0xb6306c00 JavaThread "DestroyJavaVM" [_thread_blocked, id=31144, stack(0xb6472000,0xb64c3000)]
  0x62e02400 JavaThread "dw-30" [_thread_blocked, id=31238, stack(0x5fc5e000,0x5fcaf000)]
  0x62900800 JavaThread "dw-29" [_thread_blocked, id=31237, stack(0x5fcaf000,0x5fd00000)]
  0x62897400 JavaThread "dw-28" [_thread_blocked, id=31236, stack(0x60027000,0x60078000)]
  0x60516400 JavaThread "dw-24-selector-ServerConnectorManager@d8431f/7" [_thread_in_native, id=31233, stack(0x602c9000,0x6031a000)]
  0x60515000 JavaThread "dw-23-selector-ServerConnectorManager@d8431f/6" [_thread_in_native, id=31232, stack(0x6031a000,0x6036b000)]
  0x60513c00 JavaThread "dw-22-selector-ServerConnectorManager@d8431f/5" [_thread_in_native, id=31231, stack(0x6036b000,0x603bc000)]
  0x60512800 JavaThread "dw-21-selector-ServerConnectorManager@d8431f/4" [_thread_in_native, id=31230, stack(0x603bc000,0x6040d000)]
  0x60511400 JavaThread "dw-20-selector-ServerConnectorManager@d8431f/3" [_thread_in_native, id=31229, stack(0x6040d000,0x6045e000)]
  0x60510000 JavaThread "dw-19-selector-ServerConnectorManager@d8431f/2" [_thread_in_native, id=31228, stack(0x6045e000,0x604af000)]
  0x6050f000 JavaThread "dw-18-selector-ServerConnectorManager@d8431f/1" [_thread_in_native, id=31227, stack(0x604af000,0x60500000)]
  0x6050e400 JavaThread "dw-17-selector-ServerConnectorManager@d8431f/0" [_thread_in_native, id=31226, stack(0x60637000,0x60688000)]
  0x60509c00 JavaThread "AsyncAppender-Worker-async-console-appender" daemon [_thread_blocked, id=31225, stack(0x60b0d000,0x60b5e000)]
  0x61180000 JavaThread "pool-4-thread-1" [_thread_blocked, id=31223, stack(0x60b5e000,0x60baf000)]
  0x60a29000 JavaThread "Abandoned connection cleanup thread" daemon [_thread_blocked, id=31206, stack(0x60baf000,0x60c00000)]
  0x60a25c00 JavaThread "Tomcat JDBC Pool Cleaner[6585861:1489783970790]" daemon [_thread_blocked, id=31205, stack(0x61f1a000,0x61f6b000)]
  0x61125000 JavaThread "AsyncAppender-Worker-async-console-appender" daemon [_thread_blocked, id=31197, stack(0x6272e000,0x6277f000)]
  0x61124000 JavaThread "AsyncAppender-Worker-async-file-appender" daemon [_thread_blocked, id=31196, stack(0x62a2e000,0x62a7f000)]
  0x62f9ac00 JavaThread "Service Thread" daemon [_thread_blocked, id=31161, stack(0x63215000,0x63266000)]
  0x62f98800 JavaThread "C1 CompilerThread3" daemon [_thread_blocked, id=31160, stack(0x624fe000,0x6257f000)]
  0x62f96c00 JavaThread "C2 CompilerThread2" daemon [_thread_blocked, id=31159, stack(0x6257f000,0x62600000)]
  0x62f95800 JavaThread "C2 CompilerThread1" daemon [_thread_blocked, id=31158, stack(0x6277f000,0x62800000)]
  0x62f93800 JavaThread "C2 CompilerThread0" daemon [_thread_blocked, id=31157, stack(0x62a7f000,0x62b00000)]
  0x62f92000 JavaThread "Signal Dispatcher" daemon [_thread_blocked, id=31156, stack(0x65e2e000,0x65e7f000)]
  0x62f73000 JavaThread "Finalizer" daemon [_thread_blocked, id=31155, stack(0x6602e000,0x6607f000)]
  0x62f71800 JavaThread "Reference Handler" daemon [_thread_blocked, id=31154, stack(0x6622e000,0x6627f000)]

Other Threads:
  0x631f8c00 VMThread [stack: 0x63266000,0x632e7000] [id=31153]
  0x62f9c400 WatcherThread [stack: 0x6247d000,0x624fe000] [id=31162]

VM state:not at safepoint (normal execution)

VM Mutex/Monitor currently owned by a thread: None

Heap:
 PSYoungGen      total 13312K, used 300K [0x918c0000, 0x93880000, 0xa6e00000)
  eden space 13056K, 0% used [0x918c0000,0x918d30f8,0x92580000)
  from space 256K, 87% used [0x925c0000,0x925f8080,0x92600000)
  to   space 9728K, 0% used [0x92f00000,0x92f00000,0x93880000)
 ParOldGen       total 44032K, used 28316K [0x66e00000, 0x69900000, 0x918c0000)
  object space 44032K, 64% used [0x66e00000,0x689a7280,0x69900000)
 Metaspace       used 26311K, capacity 26574K, committed 26752K, reserved 26928K

Card table byte_map: [0x66bff000,0x66e00000] byte_map_base: 0x668c8000

Marking Bits: (ParMarkBitMap*) 0xb7168840
 Begin Bits: [0x63d00000, 0x64d00000)
 End Bits:   [0x64d00000, 0x65d00000)

Polling page: 0xb7798000

CodeCache: size=245760Kb used=7706Kb max_used=7706Kb free=238053Kb
 bounds [0xa7300000, 0xa7a90000, 0xb6300000]
 total_blobs=3473 nmethods=3251 adapters=137
 compilation: enabled

Compilation events (10 events):
Event: 400.707 Thread 0x62f98800 3756       3       org.eclipse.jetty.util.SharedBlockingCallback::access$000 (4 bytes)
Event: 400.707 Thread 0x62f98800 nmethod 3756 0xa7a89d88 code [0xa7a89ea0, 0xa7a89f60]
Event: 400.707 Thread 0x62f98800 3757       3       java.util.concurrent.ConcurrentLinkedQueue$Node::casNext (13 bytes)
Event: 400.707 Thread 0x62f98800 nmethod 3757 0xa7a89a88 code [0xa7a89ba0, 0xa7a89ca0]
Event: 406.602 Thread 0x62f98800 3758       1       org.apache.tomcat.jdbc.pool.PoolProperties::getMinIdle (5 bytes)
Event: 406.602 Thread 0x62f98800 nmethod 3758 0xa7a8ce48 code [0xa7a8cf40, 0xa7a8cfe0]
Event: 430.703 Thread 0x62f98800 3759       3       java.util.concurrent.atomic.AtomicInteger::incrementAndGet (14 bytes)
Event: 430.703 Thread 0x62f98800 nmethod 3759 0xa7a8d048 code [0xa7a8d160, 0xa7a8d240]
Event: 444.679 Thread 0x62f98800 3760       3       java.lang.Thread::checkAccess (14 bytes)
Event: 444.681 Thread 0x62f98800 nmethod 3760 0xa7a8d2c8 code [0xa7a8d3e0, 0xa7a8d5cc]

GC Heap History (10 events):
Event: 100.019 GC heap before
{Heap before GC invocations=15 (full 2):
 PSYoungGen      total 23296K, used 13764K [0x918c0000, 0x93880000, 0xa6e00000)
  eden space 14592K, 94% used [0x918c0000,0x926310c0,0x92700000)
  from space 8704K, 0% used [0x92fc0000,0x92fc0000,0x93840000)
  to   space 8960K, 0% used [0x92700000,0x92700000,0x92fc0000)
 ParOldGen       total 44032K, used 22763K [0x66e00000, 0x69900000, 0x918c0000)
  object space 44032K, 51% used [0x66e00000,0x6843aca8,0x69900000)
 Metaspace       used 26224K, capacity 26508K, committed 26624K, reserved 26928K
Event: 100.021 GC heap after
Heap after GC invocations=15 (full 2):
 PSYoungGen      total 17664K, used 3196K [0x918c0000, 0x93840000, 0xa6e00000)
  eden space 14336K, 0% used [0x918c0000,0x918c0000,0x926c0000)
  from space 3328K, 96% used [0x92700000,0x92a1f040,0x92a40000)
  to   space 8960K, 0% used [0x92f80000,0x92f80000,0x93840000)
 ParOldGen       total 44032K, used 22767K [0x66e00000, 0x69900000, 0x918c0000)
  object space 44032K, 51% used [0x66e00000,0x6843bca8,0x69900000)
 Metaspace       used 26224K, capacity 26508K, committed 26624K, reserved 26928K
}
Event: 111.223 GC heap before
{Heap before GC invocations=16 (full 2):
 PSYoungGen      total 17664K, used 17532K [0x918c0000, 0x93840000, 0xa6e00000)
  eden space 14336K, 100% used [0x918c0000,0x926c0000,0x926c0000)
  from space 3328K, 96% used [0x92700000,0x92a1f040,0x92a40000)
  to   space 8960K, 0% used [0x92f80000,0x92f80000,0x93840000)
 ParOldGen       total 44032K, used 26653K [0x66e00000, 0x69900000, 0x918c0000)
  object space 44032K, 60% used [0x66e00000,0x68807638,0x69900000)
 Metaspace       used 26254K, capacity 26542K, committed 26624K, reserved 26928K
Event: 111.225 GC heap after
Heap after GC invocations=16 (full 2):
 PSYoungGen      total 22784K, used 432K [0x918c0000, 0x93900000, 0xa6e00000)
  eden space 13824K, 0% used [0x918c0000,0x918c0000,0x92640000)
  from space 8960K, 4% used [0x92f80000,0x92fec1e0,0x93840000)
  to   space 9472K, 0% used [0x92640000,0x92640000,0x92f80000)
 ParOldGen       total 44032K, used 27679K [0x66e00000, 0x69900000, 0x918c0000)
  object space 44032K, 62% used [0x66e00000,0x68907c50,0x69900000)
 Metaspace       used 26254K, capacity 26542K, committed 26624K, reserved 26928K
}
Event: 121.923 GC heap before
{Heap before GC invocations=17 (full 2):
 PSYoungGen      total 22784K, used 14162K [0x918c0000, 0x93900000, 0xa6e00000)
  eden space 13824K, 99% used [0x918c0000,0x92628648,0x92640000)
  from space 8960K, 4% used [0x92f80000,0x92fec1e0,0x93840000)
  to   space 9472K, 0% used [0x92640000,0x92640000,0x92f80000)
 ParOldGen       total 44032K, used 27679K [0x66e00000, 0x69900000, 0x918c0000)
  object space 44032K, 62% used [0x66e00000,0x68907c50,0x69900000)
 Metaspace       used 26279K, capacity 26574K, committed 26752K, reserved 26928K
Event: 121.924 GC heap after
Heap after GC invocations=17 (full 2):
 PSYoungGen      total 23040K, used 825K [0x918c0000, 0x93900000, 0xa6e00000)
  eden space 13568K, 0% used [0x918c0000,0x918c0000,0x92600000)
  from space 9472K, 8% used [0x92640000,0x9270e6a0,0x92f80000)
  to   space 9728K, 0% used [0x92f80000,0x92f80000,0x93900000)
 ParOldGen       total 44032K, used 27767K [0x66e00000, 0x69900000, 0x918c0000)
  object space 44032K, 63% used [0x66e00000,0x6891dc70,0x69900000)
 Metaspace       used 26279K, capacity 26574K, committed 26752K, reserved 26928K
}
Event: 400.657 GC heap before
{Heap before GC invocations=18 (full 2):
 PSYoungGen      total 23040K, used 14377K [0x918c0000, 0x93900000, 0xa6e00000)
  eden space 13568K, 99% used [0x918c0000,0x925fbea0,0x92600000)
  from space 9472K, 8% used [0x92640000,0x9270e6a0,0x92f80000)
  to   space 9728K, 0% used [0x92f80000,0x92f80000,0x93900000)
 ParOldGen       total 44032K, used 27767K [0x66e00000, 0x69900000, 0x918c0000)
  object space 44032K, 63% used [0x66e00000,0x6891dc70,0x69900000)
 Metaspace       used 26302K, capacity 26574K, committed 26752K, reserved 26928K
Event: 400.659 GC heap after
Heap after GC invocations=18 (full 2):
 PSYoungGen      total 22784K, used 288K [0x918c0000, 0x938c0000, 0xa6e00000)
  eden space 13312K, 0% used [0x918c0000,0x918c0000,0x925c0000)
  from space 9472K, 3% used [0x92f80000,0x92fc8090,0x938c0000)
  to   space 9728K, 0% used [0x925c0000,0x925c0000,0x92f40000)
 ParOldGen       total 44032K, used 28316K [0x66e00000, 0x69900000, 0x918c0000)
  object space 44032K, 64% used [0x66e00000,0x689a7280,0x69900000)
 Metaspace       used 26302K, capacity 26574K, committed 26752K, reserved 26928K
}
Event: 444.679 GC heap before
{Heap before GC invocations=19 (full 2):
 PSYoungGen      total 22784K, used 13600K [0x918c0000, 0x938c0000, 0xa6e00000)
  eden space 13312K, 100% used [0x918c0000,0x925c0000,0x925c0000)
  from space 9472K, 3% used [0x92f80000,0x92fc8090,0x938c0000)
  to   space 9728K, 0% used [0x925c0000,0x925c0000,0x92f40000)
 ParOldGen       total 44032K, used 28316K [0x66e00000, 0x69900000, 0x918c0000)
  object space 44032K, 64% used [0x66e00000,0x689a7280,0x69900000)
 Metaspace       used 26309K, capacity 26574K, committed 26752K, reserved 26928K
Event: 444.681 GC heap after
Heap after GC invocations=19 (full 2):
 PSYoungGen      total 13312K, used 224K [0x918c0000, 0x93880000, 0xa6e00000)
  eden space 13056K, 0% used [0x918c0000,0x918c0000,0x92580000)
  from space 256K, 87% used [0x925c0000,0x925f8080,0x92600000)
  to   space 9728K, 0% used [0x92f00000,0x92f00000,0x93880000)
 ParOldGen       total 44032K, used 28316K [0x66e00000, 0x69900000, 0x918c0000)
  object space 44032K, 64% used [0x66e00000,0x689a7280,0x69900000)
 Metaspace       used 26309K, capacity 26574K, committed 26752K, reserved 26928K
}

Deoptimization events (10 events):
Event: 44.822 Thread 0x6300ac00 Uncommon trap: reason=speculate_class_check action=maybe_recompile pc=0xa73c9c54 method=java.util.AbstractList.listIterator()Ljava/util/ListIterator; @ 2
Event: 45.139 Thread 0x628b0400 Uncommon trap: reason=unstable_if action=reinterpret pc=0xa7437e38 method=sun.misc.URLClassPath.getLoader(I)Lsun/misc/URLClassPath$Loader; @ 36
Event: 45.165 Thread 0x628b0400 Uncommon trap: reason=unstable_if action=reinterpret pc=0xa79da1a0 method=java.util.WeakHashMap.put(Ljava/lang/Object;Ljava/lang/Object;)Ljava/lang/Object; @ 47
Event: 46.285 Thread 0x628b0400 Uncommon trap: reason=speculate_class_check action=maybe_recompile pc=0xa73c9c54 method=java.util.AbstractList.listIterator()Ljava/util/ListIterator; @ 2
Event: 46.286 Thread 0x6050f000 Uncommon trap: reason=unstable_if action=reinterpret pc=0xa778c22c method=java.util.HashMap$HashIterator.<init>(Ljava/util/HashMap;)V @ 45
Event: 47.802 Thread 0x60511400 Uncommon trap: reason=unstable_if action=reinterpret pc=0xa75f0408 method=java.util.HashMap$HashIterator.<init>(Ljava/util/HashMap;)V @ 45
Event: 47.805 Thread 0x60515000 Uncommon trap: reason=unstable_if action=reinterpret pc=0xa75b2f98 method=java.util.HashMap$HashIterator.<init>(Ljava/util/HashMap;)V @ 45
Event: 49.650 Thread 0x65f10c00 Uncommon trap: reason=speculate_class_check action=maybe_recompile pc=0xa73c9c54 method=java.util.AbstractList.listIterator()Ljava/util/ListIterator; @ 2
Event: 56.371 Thread 0x66503800 Uncommon trap: reason=speculate_class_check action=maybe_recompile pc=0xa73c9c54 method=java.util.AbstractList.listIterator()Ljava/util/ListIterator; @ 2
Event: 111.225 Thread 0x62f73000 Uncommon trap: reason=unstable_if action=reinterpret pc=0xa765b4e8 method=java.lang.ref.ReferenceQueue.poll()Ljava/lang/ref/Reference; @ 4

Internal exceptions (10 events):
Event: 5.538 Thread 0xb6306c00 Exception <a 'java/lang/NoSuchFieldError': method resolution failed> (0x9215e5a8) thrown at [/builddir/build/BUILD/java-1.8.0-openjdk-1.8.0.65-3.b17.fc21.i386/openjdk/hotspot/src/share/vm/prims/methodHandles.cpp, line 1146]
Event: 5.539 Thread 0xb6306c00 Exception <a 'java/lang/NoSuchFieldError': method resolution failed> (0x9216a6c8) thrown at [/builddir/build/BUILD/java-1.8.0-openjdk-1.8.0.65-3.b17.fc21.i386/openjdk/hotspot/src/share/vm/prims/methodHandles.cpp, line 1146]
Event: 16.501 Thread 0xb6306c00 Exception <a 'java/lang/ClassNotFoundException': com/sun/tools/javac/api/JavacTool> (0x91d13578) thrown at [/builddir/build/BUILD/java-1.8.0-openjdk-1.8.0.65-3.b17.fc21.i386/openjdk/hotspot/src/share/vm/classfile/systemDictionary.cpp, line 210]
Event: 16.502 Thread 0xb6306c00 Implicit null exception at 0xa774f1fa to 0xa7754b71
Event: 44.079 Thread 0x6300ac00 Exception <a 'java/io/FileNotFoundException'> (0x9221cb90) thrown at [/builddir/build/BUILD/java-1.8.0-openjdk-1.8.0.65-3.b17.fc21.i386/openjdk/hotspot/src/share/vm/prims/jni.cpp, line 709]
Event: 44.079 Thread 0x6300ac00 Exception <a 'java/io/FileNotFoundException'> (0x92253b40) thrown at [/builddir/build/BUILD/java-1.8.0-openjdk-1.8.0.65-3.b17.fc21.i386/openjdk/hotspot/src/share/vm/prims/jni.cpp, line 709]
Event: 44.079 Thread 0x6300ac00 Exception <a 'java/io/FileNotFoundException'> (0x92254a10) thrown at [/builddir/build/BUILD/java-1.8.0-openjdk-1.8.0.65-3.b17.fc21.i386/openjdk/hotspot/src/share/vm/prims/jni.cpp, line 709]
Event: 45.130 Thread 0x628b0400 Exception <a 'java/io/FileNotFoundException'> (0x920aeb90) thrown at [/builddir/build/BUILD/java-1.8.0-openjdk-1.8.0.65-3.b17.fc21.i386/openjdk/hotspot/src/share/vm/prims/jni.cpp, line 709]
Event: 45.130 Thread 0x628b0400 Exception <a 'java/io/FileNotFoundException'> (0x920b03a8) thrown at [/builddir/build/BUILD/java-1.8.0-openjdk-1.8.0.65-3.b17.fc21.i386/openjdk/hotspot/src/share/vm/prims/jni.cpp, line 709]
Event: 45.130 Thread 0x628b0400 Exception <a 'java/io/FileNotFoundException'> (0x920b1278) thrown at [/builddir/build/BUILD/java-1.8.0-openjdk-1.8.0.65-3.b17.fc21.i386/openjdk/hotspot/src/share/vm/prims/jni.cpp, line 709]

Events (10 events):
Event: 444.678 loading class sun/misc/Signal$1 done
Event: 444.679 Thread 0x62903800 Thread added: 0x62903800
Event: 444.679 Executing VM operation: ParallelGCFailedAllocation
Event: 444.681 Executing VM operation: ParallelGCFailedAllocation done
Event: 444.681 Thread 0x66703800 Thread added: 0x66703800
Event: 444.681 Thread 0x66704800 Thread added: 0x66704800
Event: 444.681 Thread 0x66703800 Thread exited: 0x66703800
Event: 444.681 loading class java/nio/channels/AsynchronousCloseException
Event: 444.681 loading class org/eclipse/jetty/util/FutureCallback
Event: 444.681 loading class org/eclipse/jetty/util/FutureCallback done


Dynamic libraries:
08048000-08049000 r-xp 00000000 fd:01 5770407    /usr/lib/jvm/java-1.8.0-openjdk-1.8.0.65-3.b17.fc21.i386/jre/bin/java
08049000-0804a000 r--p 00000000 fd:01 5770407    /usr/lib/jvm/java-1.8.0-openjdk-1.8.0.65-3.b17.fc21.i386/jre/bin/java
0804a000-0804b000 rw-p 00001000 fd:01 5770407    /usr/lib/jvm/java-1.8.0-openjdk-1.8.0.65-3.b17.fc21.i386/jre/bin/java
0836d000-0932a000 rw-p 00000000 00:00 0          [heap]
5df00000-5dfd3000 rw-p 00000000 00:00 0 
5dfd3000-5e000000 ---p 00000000 00:00 0 
5e500000-5e5fa000 rw-p 00000000 00:00 0 
5e5fa000-5e600000 ---p 00000000 00:00 0 
5e600000-5e6fd000 rw-p 00000000 00:00 0 
5e6fd000-5e700000 ---p 00000000 00:00 0 
5e70d000-5e710000 ---p 00000000 00:00 0 
5e710000-5e75e000 rw-p 00000000 00:00 0          [stack:31428]
5e75e000-5e761000 ---p 00000000 00:00 0 
5e761000-5e7af000 rw-p 00000000 00:00 0 
5e7af000-5e7b2000 ---p 00000000 00:00 0 
5e7b2000-5e800000 rw-p 00000000 00:00 0          [stack:31417]
5e800000-5e900000 rw-p 00000000 00:00 0 
5e900000-5e9e0000 rw-p 00000000 00:00 0 
5e9e0000-5ea00000 ---p 00000000 00:00 0 
5ea00000-5eaf0000 rw-p 00000000 00:00 0 
5eaf0000-5eb00000 ---p 00000000 00:00 0 
5eb0d000-5eb10000 ---p 00000000 00:00 0 
5eb10000-5eb5e000 rw-p 00000000 00:00 0          [stack:31313]
5eb5e000-5eb61000 ---p 00000000 00:00 0 
5eb61000-5ebaf000 rw-p 00000000 00:00 0          [stack:31314]
5ebaf000-5ebb2000 ---p 00000000 00:00 0 
5ebb2000-5ec00000 rw-p 00000000 00:00 0          [stack:31309]
5ec00000-5ece9000 rw-p 00000000 00:00 0 
5ece9000-5ed00000 ---p 00000000 00:00 0 
5ed00000-5edf3000 rw-p 00000000 00:00 0 
5edf3000-5ee00000 ---p 00000000 00:00 0 
5ee00000-5eeff000 rw-p 00000000 00:00 0 
5eeff000-5ef00000 ---p 00000000 00:00 0 
5ef00000-5f000000 rw-p 00000000 00:00 0 
5f000000-5f0ff000 rw-p 00000000 00:00 0 
5f0ff000-5f100000 ---p 00000000 00:00 0 
5f100000-5f1fa000 rw-p 00000000 00:00 0 
5f1fa000-5f200000 ---p 00000000 00:00 0 
5f200000-5f2fc000 rw-p 00000000 00:00 0 
5f2fc000-5f300000 ---p 00000000 00:00 0 
5f300000-5f400000 rw-p 00000000 00:00 0 
5f400000-5f4db000 rw-p 00000000 00:00 0 
5f4db000-5f500000 ---p 00000000 00:00 0 
5f500000-5f600000 rw-p 00000000 00:00 0 
5f600000-5f6f2000 rw-p 00000000 00:00 0 
5f6f2000-5f700000 ---p 00000000 00:00 0 
5f700000-5f7f5000 rw-p 00000000 00:00 0 
5f7f5000-5f800000 ---p 00000000 00:00 0 
5f800000-5f900000 rw-p 00000000 00:00 0 
5f900000-5f9f6000 rw-p 00000000 00:00 0 
5f9f6000-5fa00000 ---p 00000000 00:00 0 
5fa1a000-5fa1d000 ---p 00000000 00:00 0 
5fa1d000-5fb6b000 rw-p 00000000 00:00 0          [stack:31258]
5fb6b000-5fb6e000 ---p 00000000 00:00 0 
5fb6e000-5fbbc000 rw-p 00000000 00:00 0          [stack:31312]
5fbbc000-5fbbf000 ---p 00000000 00:00 0 
5fbbf000-5fc0d000 rw-p 00000000 00:00 0          [stack:31249]
5fc0d000-5fc10000 ---p 00000000 00:00 0 
5fc10000-5fc5e000 rw-p 00000000 00:00 0          [stack:31239]
5fc5e000-5fc61000 ---p 00000000 00:00 0 
5fc61000-5fcaf000 rw-p 00000000 00:00 0          [stack:31238]
5fcaf000-5fcb2000 ---p 00000000 00:00 0 
5fcb2000-5fe00000 rw-p 00000000 00:00 0          [stack:31237]
5fe00000-5ff00000 rw-p 00000000 00:00 0 
5ff00000-5ffed000 rw-p 00000000 00:00 0 
5ffed000-60000000 ---p 00000000 00:00 0 
60027000-6002a000 ---p 00000000 00:00 0 
6002a000-60178000 rw-p 00000000 00:00 0          [stack:31236]
60178000-6017b000 ---p 00000000 00:00 0 
6017b000-602c9000 rw-p 00000000 00:00 0          [stack:31315]
602c9000-602cc000 ---p 00000000 00:00 0 
602cc000-6031a000 rw-p 00000000 00:00 0          [stack:31233]
6031a000-6031d000 ---p 00000000 00:00 0 
6031d000-6036b000 rw-p 00000000 00:00 0          [stack:31232]
6036b000-6036e000 ---p 00000000 00:00 0 
6036e000-603bc000 rw-p 00000000 00:00 0          [stack:31231]
603bc000-603bf000 ---p 00000000 00:00 0 
603bf000-6040d000 rw-p 00000000 00:00 0          [stack:31230]
6040d000-60410000 ---p 00000000 00:00 0 
60410000-6045e000 rw-p 00000000 00:00 0          [stack:31229]
6045e000-60461000 ---p 00000000 00:00 0 
60461000-604af000 rw-p 00000000 00:00 0          [stack:31228]
604af000-604b2000 ---p 00000000 00:00 0 
604b2000-60500000 rw-p 00000000 00:00 0          [stack:31227]
60500000-60600000 rw-p 00000000 00:00 0 
60637000-6063a000 ---p 00000000 00:00 0 
6063a000-60688000 rw-p 00000000 00:00 0          [stack:31226]
60688000-60700000 r--s 012a6000 fd:01 5774964    /usr/lib/jvm/java-1.8.0-openjdk-1.8.0.65-3.b17.fc21.i386/lib/tools.jar
60700000-60800000 rw-p 00000000 00:00 0 
60800000-608fa000 rw-p 00000000 00:00 0 
608fa000-60900000 ---p 00000000 00:00 0 
60900000-60a00000 rw-p 00000000 00:00 0 
60a00000-60aff000 rw-p 00000000 00:00 0 
60aff000-60b00000 ---p 00000000 00:00 0 
60b0d000-60b10000 ---p 00000000 00:00 0 
60b10000-60b5e000 rw-p 00000000 00:00 0          [stack:31225]
60b5e000-60b61000 ---p 00000000 00:00 0 
60b61000-60baf000 rw-p 00000000 00:00 0          [stack:31223]
60baf000-60bb2000 ---p 00000000 00:00 0 
60bb2000-60d00000 rw-p 00000000 00:00 0          [stack:31206]
60d00000-60e00000 rw-p 00000000 00:00 0 
60e00000-60f00000 rw-p 00000000 00:00 0 
60f00000-60fe7000 rw-p 00000000 00:00 0 
60fe7000-61000000 ---p 00000000 00:00 0 
61000000-61100000 rw-p 00000000 00:00 0 
61100000-61200000 rw-p 00000000 00:00 0 
61200000-612fe000 rw-p 00000000 00:00 0 
612fe000-61300000 ---p 00000000 00:00 0 
61300000-61400000 rw-p 00000000 00:00 0 
61400000-61500000 rw-p 00000000 00:00 0 
61500000-61600000 rw-p 00000000 00:00 0 
61600000-616ff000 rw-p 00000000 00:00 0 
616ff000-61700000 ---p 00000000 00:00 0 
61700000-61800000 rw-p 00000000 00:00 0 
61800000-618fd000 rw-p 00000000 00:00 0 
618fd000-61900000 ---p 00000000 00:00 0 
61900000-61a00000 rw-p 00000000 00:00 0 
61a00000-61af9000 rw-p 00000000 00:00 0 
61af9000-61b00000 ---p 00000000 00:00 0 
61b00000-61bf7000 rw-p 00000000 00:00 0 
61bf7000-61c00000 ---p 00000000 00:00 0 
61c00000-61d00000 rw-p 00000000 00:00 0 
61d00000-61e00000 rw-p 00000000 00:00 0 
61e00000-61efc000 rw-p 00000000 00:00 0 
61efc000-61f00000 ---p 00000000 00:00 0 
61f1a000-61f1d000 ---p 00000000 00:00 0 
61f1d000-6200d000 rw-p 00000000 00:00 0          [stack:31205]
6200d000-6247d000 r--s 03b84000 08:05 20786872   /home/source/Zcode/code/wallet/target/wallet-0.0.1-SNAPSHOT.jar
6247d000-6247e000 ---p 00000000 00:00 0 
6247e000-624fe000 rw-p 00000000 00:00 0          [stack:31162]
624fe000-62501000 ---p 00000000 00:00 0 
62501000-6257f000 rw-p 00000000 00:00 0          [stack:31160]
6257f000-62582000 ---p 00000000 00:00 0 
62582000-62600000 rw-p 00000000 00:00 0          [stack:31159]
62600000-626fe000 rw-p 00000000 00:00 0 
626fe000-62700000 ---p 00000000 00:00 0 
6272e000-62731000 ---p 00000000 00:00 0 
62731000-6277f000 rw-p 00000000 00:00 0          [stack:31197]
6277f000-62782000 ---p 00000000 00:00 0 
62782000-62800000 rw-p 00000000 00:00 0          [stack:31158]
62800000-628fe000 rw-p 00000000 00:00 0 
628fe000-62900000 ---p 00000000 00:00 0 
62900000-62921000 rw-p 00000000 00:00 0 
62921000-62a00000 ---p 00000000 00:00 0 
62a2e000-62a31000 ---p 00000000 00:00 0 
62a31000-62a7f000 rw-p 00000000 00:00 0          [stack:31196]
62a7f000-62a82000 ---p 00000000 00:00 0 
62a82000-62b00000 rw-p 00000000 00:00 0          [stack:31157]
62b00000-62d00000 r--p 00000000 fd:01 5514695    /usr/lib/locale/locale-archive
62d00000-62d21000 rw-p 00000000 00:00 0 
62d21000-62e00000 ---p 00000000 00:00 0 
62e00000-62e21000 rw-p 00000000 00:00 0 
62e21000-62f00000 ---p 00000000 00:00 0 
62f00000-62ffd000 rw-p 00000000 00:00 0 
62ffd000-63000000 ---p 00000000 00:00 0 
63000000-63035000 rw-p 00000000 00:00 0 
63035000-63100000 ---p 00000000 00:00 0 
63100000-631f9000 rw-p 00000000 00:00 0 
631f9000-63200000 ---p 00000000 00:00 0 
63215000-63218000 ---p 00000000 00:00 0 
63218000-63266000 rw-p 00000000 00:00 0          [stack:31161]
63266000-63267000 ---p 00000000 00:00 0 
63267000-632e7000 rw-p 00000000 00:00 0          [stack:31153]
632e7000-634b4000 r--s 043bf000 fd:01 5647281    /usr/lib/jvm/java-1.8.0-openjdk-1.8.0.65-3.b17.fc21.i386/jre/lib/rt.jar
634b4000-638fa000 rw-p 00000000 00:00 0 
638fa000-63900000 ---p 00000000 00:00 0 
63900000-65d00000 rw-p 00000000 00:00 0 
65d00000-65d21000 rw-p 00000000 00:00 0 
65d21000-65e00000 ---p 00000000 00:00 0 
65e2e000-65e31000 ---p 00000000 00:00 0 
65e31000-65e7f000 rw-p 00000000 00:00 0          [stack:31156]
65e7f000-65e80000 ---p 00000000 00:00 0 
65e80000-65f00000 rw-p 00000000 00:00 0          [stack:31152]
65f00000-65fb6000 rw-p 00000000 00:00 0 
65fb6000-66000000 ---p 00000000 00:00 0 
6602e000-66031000 ---p 00000000 00:00 0 
66031000-6607f000 rw-p 00000000 00:00 0          [stack:31155]
6607f000-66080000 ---p 00000000 00:00 0 
66080000-66100000 rw-p 00000000 00:00 0          [stack:31151]
66100000-6619f000 rw-p 00000000 00:00 0 
6619f000-66200000 ---p 00000000 00:00 0 
6622e000-66231000 ---p 00000000 00:00 0 
66231000-6627f000 rw-p 00000000 00:00 0          [stack:31154]
6627f000-66280000 ---p 00000000 00:00 0 
66280000-66300000 rw-p 00000000 00:00 0          [stack:31150]
66300000-663d1000 rw-p 00000000 00:00 0 
663d1000-66400000 ---p 00000000 00:00 0 
66432000-6647f000 rw-p 00000000 00:00 0 
6647f000-66480000 ---p 00000000 00:00 0 
66480000-66500000 rw-p 00000000 00:00 0          [stack:31149]
66500000-6659f000 rw-p 00000000 00:00 0 
6659f000-66600000 ---p 00000000 00:00 0 
66624000-6667f000 rw-p 00000000 00:00 0 
6667f000-66680000 ---p 00000000 00:00 0 
66680000-66700000 rw-p 00000000 00:00 0          [stack:31148]
66700000-66721000 rw-p 00000000 00:00 0 
66721000-66800000 ---p 00000000 00:00 0 
66800000-668a2000 rw-p 00000000 00:00 0 
668a2000-66900000 ---p 00000000 00:00 0 
66900000-66921000 rw-p 00000000 00:00 0 
66921000-66a00000 ---p 00000000 00:00 0 
66a28000-66a29000 ---p 00000000 00:00 0 
66a29000-66abf000 rw-p 00000000 00:00 0          [stack:31147]
66abf000-66bff000 ---p 00000000 00:00 0 
66bff000-66c15000 rw-p 00000000 00:00 0 
66c15000-66d54000 ---p 00000000 00:00 0 
66d54000-66d65000 rw-p 00000000 00:00 0 
66d65000-66dff000 ---p 00000000 00:00 0 
66dff000-69900000 rw-p 00000000 00:00 0 
69900000-918c0000 ---p 00000000 00:00 0 
918c0000-93880000 rw-p 00000000 00:00 0 
93880000-a6e00000 ---p 00000000 00:00 0 
a6e0d000-a6e0e000 rw-p 00000000 00:00 0 
a6e0e000-a6e13000 r--s 00309000 fd:01 5646900    /usr/lib/jvm/java-1.8.0-openjdk-1.8.0.65-3.b17.fc21.i386/jre/lib/charsets.jar
a6e13000-a6e24000 r-xp 00000000 fd:01 5770453    /usr/lib/jvm/java-1.8.0-openjdk-1.8.0.65-3.b17.fc21.i386/jre/lib/i386/libnio.so
a6e24000-a6e25000 r--p 00010000 fd:01 5770453    /usr/lib/jvm/java-1.8.0-openjdk-1.8.0.65-3.b17.fc21.i386/jre/lib/i386/libnio.so
a6e25000-a6e26000 rw-p 00011000 fd:01 5770453    /usr/lib/jvm/java-1.8.0-openjdk-1.8.0.65-3.b17.fc21.i386/jre/lib/i386/libnio.so
a6e26000-a6e3c000 r-xp 00000000 fd:01 5770452    /usr/lib/jvm/java-1.8.0-openjdk-1.8.0.65-3.b17.fc21.i386/jre/lib/i386/libnet.so
a6e3c000-a6e3d000 r--p 00015000 fd:01 5770452    /usr/lib/jvm/java-1.8.0-openjdk-1.8.0.65-3.b17.fc21.i386/jre/lib/i386/libnet.so
a6e3d000-a6e3e000 rw-p 00016000 fd:01 5770452    /usr/lib/jvm/java-1.8.0-openjdk-1.8.0.65-3.b17.fc21.i386/jre/lib/i386/libnet.so
a6e3e000-a6e3f000 ---p 00000000 00:00 0 
a6e3f000-a6ebf000 rw-p 00000000 00:00 0          [stack:31146]
a6ebf000-a6ec0000 ---p 00000000 00:00 0 
a6ec0000-a6f5f000 rw-p 00000000 00:00 0          [stack:31145]
a6f5f000-a7300000 ---p 00000000 00:00 0 
a7300000-a7a90000 rwxp 00000000 00:00 0 
a7a90000-b6300000 ---p 00000000 00:00 0 
b6300000-b63fd000 rw-p 00000000 00:00 0 
b63fd000-b6400000 ---p 00000000 00:00 0 
b6400000-b6418000 rw-p 00000000 00:00 0 
b6418000-b6424000 r-xp 00000000 fd:01 5505869    /usr/lib/libnss_files-2.20.so
b6424000-b6425000 r--p 0000b000 fd:01 5505869    /usr/lib/libnss_files-2.20.so
b6425000-b6426000 rw-p 0000c000 fd:01 5505869    /usr/lib/libnss_files-2.20.so
b6426000-b642b000 r--s 000af000 fd:01 5647275    /usr/lib/jvm/java-1.8.0-openjdk-1.8.0.65-3.b17.fc21.i386/jre/lib/jsse.jar
b642b000-b6434000 r-xp 00000000 fd:01 5770450    /usr/lib/jvm/java-1.8.0-openjdk-1.8.0.65-3.b17.fc21.i386/jre/lib/i386/libmanagement.so
b6434000-b6435000 r--p 00008000 fd:01 5770450    /usr/lib/jvm/java-1.8.0-openjdk-1.8.0.65-3.b17.fc21.i386/jre/lib/i386/libmanagement.so
b6435000-b6436000 rw-p 00009000 fd:01 5770450    /usr/lib/jvm/java-1.8.0-openjdk-1.8.0.65-3.b17.fc21.i386/jre/lib/i386/libmanagement.so
b6436000-b643e000 r-xp 00000000 fd:01 5770459    /usr/lib/jvm/java-1.8.0-openjdk-1.8.0.65-3.b17.fc21.i386/jre/lib/i386/libzip.so
b643e000-b643f000 r--p 00007000 fd:01 5770459    /usr/lib/jvm/java-1.8.0-openjdk-1.8.0.65-3.b17.fc21.i386/jre/lib/i386/libzip.so
b643f000-b6440000 rw-p 00008000 fd:01 5770459    /usr/lib/jvm/java-1.8.0-openjdk-1.8.0.65-3.b17.fc21.i386/jre/lib/i386/libzip.so
b6440000-b6467000 r-xp 00000000 fd:01 5770442    /usr/lib/jvm/java-1.8.0-openjdk-1.8.0.65-3.b17.fc21.i386/jre/lib/i386/libjava.so
b6467000-b6468000 r--p 00027000 fd:01 5770442    /usr/lib/jvm/java-1.8.0-openjdk-1.8.0.65-3.b17.fc21.i386/jre/lib/i386/libjava.so
b6468000-b6469000 rw-p 00028000 fd:01 5770442    /usr/lib/jvm/java-1.8.0-openjdk-1.8.0.65-3.b17.fc21.i386/jre/lib/i386/libjava.so
b6469000-b6470000 r-xp 00000000 fd:01 5505979    /usr/lib/librt-2.20.so
b6470000-b6471000 r--p 00006000 fd:01 5505979    /usr/lib/librt-2.20.so
b6471000-b6472000 rw-p 00007000 fd:01 5505979    /usr/lib/librt-2.20.so
b6472000-b6475000 ---p 00000000 00:00 0 
b6475000-b64c3000 rw-p 00000000 00:00 0          [stack:31144]
b64c3000-b64df000 r-xp 00000000 fd:01 5514459    /usr/lib/libgcc_s-4.9.2-20150212.so.1
b64df000-b64e0000 r--p 0001b000 fd:01 5514459    /usr/lib/libgcc_s-4.9.2-20150212.so.1
b64e0000-b64e1000 rw-p 0001c000 fd:01 5514459    /usr/lib/libgcc_s-4.9.2-20150212.so.1
b64e1000-b652c000 r-xp 00000000 fd:01 5505474    /usr/lib/libm-2.20.so
b652c000-b652d000 r--p 0004b000 fd:01 5505474    /usr/lib/libm-2.20.so
b652d000-b652e000 rw-p 0004c000 fd:01 5505474    /usr/lib/libm-2.20.so
b652e000-b6619000 r-xp 00000000 fd:01 5506045    /usr/lib/libstdc++.so.6.0.20
b6619000-b661d000 r--p 000eb000 fd:01 5506045    /usr/lib/libstdc++.so.6.0.20
b661d000-b661e000 rw-p 000ef000 fd:01 5506045    /usr/lib/libstdc++.so.6.0.20
b661e000-b6625000 rw-p 00000000 00:00 0 
b6625000-b70f7000 r-xp 00000000 fd:01 5770463    /usr/lib/jvm/java-1.8.0-openjdk-1.8.0.65-3.b17.fc21.i386/jre/lib/i386/server/libjvm.so
b70f7000-b7143000 r--p 00ad1000 fd:01 5770463    /usr/lib/jvm/java-1.8.0-openjdk-1.8.0.65-3.b17.fc21.i386/jre/lib/i386/server/libjvm.so
b7143000-b715a000 rw-p 00b1d000 fd:01 5770463    /usr/lib/jvm/java-1.8.0-openjdk-1.8.0.65-3.b17.fc21.i386/jre/lib/i386/server/libjvm.so
b715a000-b7579000 rw-p 00000000 00:00 0 
b7579000-b773e000 r-xp 00000000 fd:01 5505341    /usr/lib/libc-2.20.so
b773e000-b7741000 r--p 001c4000 fd:01 5505341    /usr/lib/libc-2.20.so
b7741000-b7743000 rw-p 001c7000 fd:01 5505341    /usr/lib/libc-2.20.so
b7743000-b7745000 rw-p 00000000 00:00 0 
b7745000-b7748000 r-xp 00000000 fd:01 5505451    /usr/lib/libdl-2.20.so
b7748000-b7749000 r--p 00002000 fd:01 5505451    /usr/lib/libdl-2.20.so
b7749000-b774a000 rw-p 00003000 fd:01 5505451    /usr/lib/libdl-2.20.so
b774a000-b774b000 rw-p 00000000 00:00 0 
b774b000-b7758000 r-xp 00000000 fd:01 5770429    /usr/lib/jvm/java-1.8.0-openjdk-1.8.0.65-3.b17.fc21.i386/jre/lib/i386/jli/libjli.so
b7758000-b7759000 r--p 0000c000 fd:01 5770429    /usr/lib/jvm/java-1.8.0-openjdk-1.8.0.65-3.b17.fc21.i386/jre/lib/i386/jli/libjli.so
b7759000-b775a000 rw-p 0000d000 fd:01 5770429    /usr/lib/jvm/java-1.8.0-openjdk-1.8.0.65-3.b17.fc21.i386/jre/lib/i386/jli/libjli.so
b775a000-b7770000 r-xp 00000000 fd:01 5509061    /usr/lib/libz.so.1.2.8
b7770000-b7771000 r--p 00015000 fd:01 5509061    /usr/lib/libz.so.1.2.8
b7771000-b7772000 rw-p 00016000 fd:01 5509061    /usr/lib/libz.so.1.2.8
b7772000-b7789000 r-xp 00000000 fd:01 5505873    /usr/lib/libpthread-2.20.so
b7789000-b778a000 r--p 00016000 fd:01 5505873    /usr/lib/libpthread-2.20.so
b778a000-b778b000 rw-p 00017000 fd:01 5505873    /usr/lib/libpthread-2.20.so
b778b000-b778e000 rw-p 00000000 00:00 0 
b778e000-b778f000 rw-p 00000000 00:00 0 
b778f000-b7797000 rw-s 00000000 00:23 5966270    /tmp/hsperfdata_zxqiu/31143
b7797000-b7798000 rw-p 00000000 00:00 0 
b7798000-b7799000 r--p 00000000 00:00 0 
b7799000-b77a4000 r-xp 00000000 fd:01 5770458    /usr/lib/jvm/java-1.8.0-openjdk-1.8.0.65-3.b17.fc21.i386/jre/lib/i386/libverify.so
b77a4000-b77a5000 ---p 0000b000 fd:01 5770458    /usr/lib/jvm/java-1.8.0-openjdk-1.8.0.65-3.b17.fc21.i386/jre/lib/i386/libverify.so
b77a5000-b77a6000 r--p 0000b000 fd:01 5770458    /usr/lib/jvm/java-1.8.0-openjdk-1.8.0.65-3.b17.fc21.i386/jre/lib/i386/libverify.so
b77a6000-b77a7000 rw-p 0000c000 fd:01 5770458    /usr/lib/jvm/java-1.8.0-openjdk-1.8.0.65-3.b17.fc21.i386/jre/lib/i386/libverify.so
b77a7000-b77a8000 rw-p 00000000 00:00 0 
b77a8000-b77aa000 r--p 00000000 00:00 0          [vvar]
b77aa000-b77ab000 r-xp 00000000 00:00 0          [vdso]
b77ab000-b77cd000 r-xp 00000000 fd:01 5514407    /usr/lib/ld-2.20.so
b77cd000-b77ce000 r--p 00021000 fd:01 5514407    /usr/lib/ld-2.20.so
b77ce000-b77cf000 rw-p 00022000 fd:01 5514407    /usr/lib/ld-2.20.so
bfb54000-bfb55000 rwxp 00000000 00:00 0 
bfb87000-bfba8000 rw-p 00000000 00:00 0          [stack]

VM Arguments:
java_command: target/wallet-0.0.1-SNAPSHOT.jar server wallet.yml
java_class_path (initial): target/wallet-0.0.1-SNAPSHOT.jar
Launcher Type: SUN_STANDARD

Environment Variables:
PATH=/home/scripts/:/home/source/gen/generator/:/usr/local/mysql/bin/:/home/scripts/:/home/source/gen/generator/:/home/scripts/:/home/source/gen/generator/:/usr/lib/ccache:/usr/local/bin:/usr/local/sbin:/usr/bin:/usr/sbin:/bin:/sbin:/home/zxqiu/.local/bin:/home/zxqiu/bin
USERNAME=zxqiu
SHELL=/bin/bash
DISPLAY=:0

Signal Handlers:
SIGSEGV: [libjvm.so+0x8c0100], sa_mask[0]=11111111011111111101111111111110, sa_flags=SA_RESTART|SA_SIGINFO
SIGBUS: [libjvm.so+0x8c0100], sa_mask[0]=11111111011111111101111111111110, sa_flags=SA_RESTART|SA_SIGINFO
SIGFPE: [libjvm.so+0x732160], sa_mask[0]=11111111011111111101111111111110, sa_flags=SA_RESTART|SA_SIGINFO
SIGPIPE: [libjvm.so+0x732160], sa_mask[0]=11111111011111111101111111111110, sa_flags=SA_RESTART|SA_SIGINFO
SIGXFSZ: [libjvm.so+0x732160], sa_mask[0]=11111111011111111101111111111110, sa_flags=SA_RESTART|SA_SIGINFO
SIGILL: [libjvm.so+0x732160], sa_mask[0]=11111111011111111101111111111110, sa_flags=SA_RESTART|SA_SIGINFO
SIGUSR1: SIG_DFL, sa_mask[0]=00000000000000000000000000000000, sa_flags=none
SIGUSR2: [libjvm.so+0x731fa0], sa_mask[0]=00000000000000000000000000000000, sa_flags=SA_RESTART|SA_SIGINFO
SIGHUP: [libjvm.so+0x732220], sa_mask[0]=11111111011111111101111111111110, sa_flags=SA_RESTART|SA_SIGINFO
SIGINT: [libjvm.so+0x732220], sa_mask[0]=11111111011111111101111111111110, sa_flags=SA_RESTART|SA_SIGINFO
SIGTERM: [libjvm.so+0x732220], sa_mask[0]=11111111011111111101111111111110, sa_flags=SA_RESTART|SA_SIGINFO
SIGQUIT: [libjvm.so+0x732220], sa_mask[0]=11111111011111111101111111111110, sa_flags=SA_RESTART|SA_SIGINFO


---------------  S Y S T E M  ---------------

OS:Fedora release 21 (Twenty One)

uname:Linux 4.1.13-100.fc21.i686+PAE #1 SMP Tue Nov 10 13:30:58 UTC 2015 i686
libc:glibc 2.20 NPTL 2.20 
rlimit: STACK 8192k, CORE 0k, NPROC 4096, NOFILE 4096, AS infinity
load average:1.03 2.11 1.90

/proc/meminfo:
MemTotal:        8229932 kB
MemFree:         1835880 kB
MemAvailable:    4821400 kB
Buffers:          282976 kB
Cached:          2436148 kB
SwapCached:        22236 kB
Active:          3791704 kB
Inactive:        2056648 kB
Active(anon):    2502456 kB
Inactive(anon):   704352 kB
Active(file):    1289248 kB
Inactive(file):  1352296 kB
Unevictable:         356 kB
Mlocked:             356 kB
HighTotal:       7420552 kB
HighFree:        1809020 kB
LowTotal:         809380 kB
LowFree:           26860 kB
SwapTotal:       3280892 kB
SwapFree:        2643684 kB
Dirty:              1324 kB
Writeback:             0 kB
AnonPages:       3124152 kB
Mapped:           305976 kB
Shmem:             77552 kB
Slab:             448776 kB
SReclaimable:     384104 kB
SUnreclaim:        64672 kB
KernelStack:        6432 kB
PageTables:        19392 kB
NFS_Unstable:          0 kB
Bounce:                0 kB
WritebackTmp:          0 kB
CommitLimit:     7395856 kB
Committed_AS:    7721368 kB
VmallocTotal:     122880 kB
VmallocUsed:       42804 kB
VmallocChunk:      79660 kB
HardwareCorrupted:     0 kB
HugePages_Total:       0
HugePages_Free:        0
HugePages_Rsvd:        0
HugePages_Surp:        0
Hugepagesize:       2048 kB
DirectMap4k:       51192 kB
DirectMap2M:      858112 kB


CPU:total 8 (4 cores per cpu, 2 threads per core) family 6 model 60 stepping 3, cmov, cx8, fxsr, mmx, sse, sse2, sse3, ssse3, sse4.1, sse4.2, popcnt, avx, avx2, aes, clmul, erms, lzcnt, ht, tsc, tscinvbit, bmi1, bmi2

/proc/cpuinfo:
processor	: 0
vendor_id	: GenuineIntel
cpu family	: 6
model		: 60
model name	: Intel(R) Core(TM) i7-4770 CPU @ 3.40GHz
stepping	: 3
microcode	: 0x1c
cpu MHz		: 3737.742
cache size	: 8192 KB
physical id	: 0
siblings	: 8
core id		: 0
cpu cores	: 4
apicid		: 0
initial apicid	: 0
fdiv_bug	: no
f00f_bug	: no
coma_bug	: no
fpu		: yes
fpu_exception	: yes
cpuid level	: 13
wp		: yes
flags		: fpu vme de pse tsc msr pae mce cx8 apic sep mtrr pge mca cmov pat pse36 clflush dts acpi mmx fxsr sse sse2 ss ht tm pbe nx pdpe1gb rdtscp lm constant_tsc arch_perfmon pebs bts xtopology nonstop_tsc aperfmperf eagerfpu pni pclmulqdq dtes64 monitor ds_cpl vmx smx est tm2 ssse3 fma cx16 xtpr pdcm pcid sse4_1 sse4_2 x2apic movbe popcnt tsc_deadline_timer aes xsave avx f16c rdrand lahf_lm abm ida arat epb pln pts dtherm tpr_shadow vnmi flexpriority ept vpid fsgsbase tsc_adjust bmi1 avx2 smep bmi2 erms invpcid xsaveopt
bugs		:
bogomips	: 6783.70
clflush size	: 64
cache_alignment	: 64
address sizes	: 39 bits physical, 48 bits virtual
power management:

processor	: 1
vendor_id	: GenuineIntel
cpu family	: 6
model		: 60
model name	: Intel(R) Core(TM) i7-4770 CPU @ 3.40GHz
stepping	: 3
microcode	: 0x1c
cpu MHz		: 3847.046
cache size	: 8192 KB
physical id	: 0
siblings	: 8
core id		: 1
cpu cores	: 4
apicid		: 2
initial apicid	: 2
fdiv_bug	: no
f00f_bug	: no
coma_bug	: no
fpu		: yes
fpu_exception	: yes
cpuid level	: 13
wp		: yes
flags		: fpu vme de pse tsc msr pae mce cx8 apic sep mtrr pge mca cmov pat pse36 clflush dts acpi mmx fxsr sse sse2 ss ht tm pbe nx pdpe1gb rdtscp lm constant_tsc arch_perfmon pebs bts xtopology nonstop_tsc aperfmperf eagerfpu pni pclmulqdq dtes64 monitor ds_cpl vmx smx est tm2 ssse3 fma cx16 xtpr pdcm pcid sse4_1 sse4_2 x2apic movbe popcnt tsc_deadline_timer aes xsave avx f16c rdrand lahf_lm abm ida arat epb pln pts dtherm tpr_shadow vnmi flexpriority ept vpid fsgsbase tsc_adjust bmi1 avx2 smep bmi2 erms invpcid xsaveopt
bugs		:
bogomips	: 6783.70
clflush size	: 64
cache_alignment	: 64
address sizes	: 39 bits physical, 48 bits virtual
power management:

processor	: 2
vendor_id	: GenuineIntel
cpu family	: 6
model		: 60
model name	: Intel(R) Core(TM) i7-4770 CPU @ 3.40GHz
stepping	: 3
microcode	: 0x1c
cpu MHz		: 3773.203
cache size	: 8192 KB
physical id	: 0
siblings	: 8
core id		: 2
cpu cores	: 4
apicid		: 4
initial apicid	: 4
fdiv_bug	: no
f00f_bug	: no
coma_bug	: no
fpu		: yes
fpu_exception	: yes
cpuid level	: 13
wp		: yes
flags		: fpu vme de pse tsc msr pae mce cx8 apic sep mtrr pge mca cmov pat pse36 clflush dts acpi mmx fxsr sse sse2 ss ht tm pbe nx pdpe1gb rdtscp lm constant_tsc arch_perfmon pebs bts xtopology nonstop_tsc aperfmperf eagerfpu pni pclmulqdq dtes64 monitor ds_cpl vmx smx est tm2 ssse3 fma cx16 xtpr pdcm pcid sse4_1 sse4_2 x2apic movbe popcnt tsc_deadline_timer aes xsave avx f16c rdrand lahf_lm abm ida arat epb pln pts dtherm tpr_shadow vnmi flexpriority ept vpid fsgsbase tsc_adjust bmi1 avx2 smep bmi2 erms invpcid xsaveopt
bugs		:
bogomips	: 6783.70
clflush size	: 64
cache_alignment	: 64
address sizes	: 39 bits physical, 48 bits virtual
power management:

processor	: 3
vendor_id	: GenuineIntel
cpu family	: 6
model		: 60
model name	: Intel(R) Core(TM) i7-4770 CPU @ 3.40GHz
stepping	: 3
microcode	: 0x1c
cpu MHz		: 3785.554
cache size	: 8192 KB
physical id	: 0
siblings	: 8
core id		: 3
cpu cores	: 4
apicid		: 6
initial apicid	: 6
fdiv_bug	: no
f00f_bug	: no
coma_bug	: no
fpu		: yes
fpu_exception	: yes
cpuid level	: 13
wp		: yes
flags		: fpu vme de pse tsc msr pae mce cx8 apic sep mtrr pge mca cmov pat pse36 clflush dts acpi mmx fxsr sse sse2 ss ht tm pbe nx pdpe1gb rdtscp lm constant_tsc arch_perfmon pebs bts xtopology nonstop_tsc aperfmperf eagerfpu pni pclmulqdq dtes64 monitor ds_cpl vmx smx est tm2 ssse3 fma cx16 xtpr pdcm pcid sse4_1 sse4_2 x2apic movbe popcnt tsc_deadline_timer aes xsave avx f16c rdrand lahf_lm abm ida arat epb pln pts dtherm tpr_shadow vnmi flexpriority ept vpid fsgsbase tsc_adjust bmi1 avx2 smep bmi2 erms invpcid xsaveopt
bugs		:
bogomips	: 6783.70
clflush size	: 64
cache_alignment	: 64
address sizes	: 39 bits physical, 48 bits virtual
power management:

processor	: 4
vendor_id	: GenuineIntel
cpu family	: 6
model		: 60
model name	: Intel(R) Core(TM) i7-4770 CPU @ 3.40GHz
stepping	: 3
microcode	: 0x1c
cpu MHz		: 3762.578
cache size	: 8192 KB
physical id	: 0
siblings	: 8
core id		: 0
cpu cores	: 4
apicid		: 1
initial apicid	: 1
fdiv_bug	: no
f00f_bug	: no
coma_bug	: no
fpu		: yes
fpu_exception	: yes
cpuid level	: 13
wp		: yes
flags		: fpu vme de pse tsc msr pae mce cx8 apic sep mtrr pge mca cmov pat pse36 clflush dts acpi mmx fxsr sse sse2 ss ht tm pbe nx pdpe1gb rdtscp lm constant_tsc arch_perfmon pebs bts xtopology nonstop_tsc aperfmperf eagerfpu pni pclmulqdq dtes64 monitor ds_cpl vmx smx est tm2 ssse3 fma cx16 xtpr pdcm pcid sse4_1 sse4_2 x2apic movbe popcnt tsc_deadline_timer aes xsave avx f16c rdrand lahf_lm abm ida arat epb pln pts dtherm tpr_shadow vnmi flexpriority ept vpid fsgsbase tsc_adjust bmi1 avx2 smep bmi2 erms invpcid xsaveopt
bugs		:
bogomips	: 6783.70
clflush size	: 64
cache_alignment	: 64
address sizes	: 39 bits physical, 48 bits virtual
power management:

processor	: 5
vendor_id	: GenuineIntel
cpu family	: 6
model		: 60
model name	: Intel(R) Core(TM) i7-4770 CPU @ 3.40GHz
stepping	: 3
microcode	: 0x1c
cpu MHz		: 3762.578
cache size	: 8192 KB
physical id	: 0
siblings	: 8
core id		: 1
cpu cores	: 4
apicid		: 3
initial apicid	: 3
fdiv_bug	: no
f00f_bug	: no
coma_bug	: no
fpu		: yes
fpu_exception	: yes
cpuid level	: 13
wp		: yes
flags		: fpu vme de pse tsc msr pae mce cx8 apic sep mtrr pge mca cmov pat pse36 clflush dts acpi mmx fxsr sse sse2 ss ht tm pbe nx pdpe1gb rdtscp lm constant_tsc arch_perfmon pebs bts xtopology nonstop_tsc aperfmperf eagerfpu pni pclmulqdq dtes64 monitor ds_cpl vmx smx est tm2 ssse3 fma cx16 xtpr pdcm pcid sse4_1 sse4_2 x2apic movbe popcnt tsc_deadline_timer aes xsave avx f16c rdrand lahf_lm abm ida arat epb pln pts dtherm tpr_shadow vnmi flexpriority ept vpid fsgsbase tsc_adjust bmi1 avx2 smep bmi2 erms invpcid xsaveopt
bugs		:
bogomips	: 6783.70
clflush size	: 64
cache_alignment	: 64
address sizes	: 39 bits physical, 48 bits virtual
power management:

processor	: 6
vendor_id	: GenuineIntel
cpu family	: 6
model		: 60
model name	: Intel(R) Core(TM) i7-4770 CPU @ 3.40GHz
stepping	: 3
microcode	: 0x1c
cpu MHz		: 3704.406
cache size	: 8192 KB
physical id	: 0
siblings	: 8
core id		: 2
cpu cores	: 4
apicid		: 5
initial apicid	: 5
fdiv_bug	: no
f00f_bug	: no
coma_bug	: no
fpu		: yes
fpu_exception	: yes
cpuid level	: 13
wp		: yes
flags		: fpu vme de pse tsc msr pae mce cx8 apic sep mtrr pge mca cmov pat pse36 clflush dts acpi mmx fxsr sse sse2 ss ht tm pbe nx pdpe1gb rdtscp lm constant_tsc arch_perfmon pebs bts xtopology nonstop_tsc aperfmperf eagerfpu pni pclmulqdq dtes64 monitor ds_cpl vmx smx est tm2 ssse3 fma cx16 xtpr pdcm pcid sse4_1 sse4_2 x2apic movbe popcnt tsc_deadline_timer aes xsave avx f16c rdrand lahf_lm abm ida arat epb pln pts dtherm tpr_shadow vnmi flexpriority ept vpid fsgsbase tsc_adjust bmi1 avx2 smep bmi2 erms invpcid xsaveopt
bugs		:
bogomips	: 6783.70
clflush size	: 64
cache_alignment	: 64
address sizes	: 39 bits physical, 48 bits virtual
power management:

processor	: 7
vendor_id	: GenuineIntel
cpu family	: 6
model		: 60
model name	: Intel(R) Core(TM) i7-4770 CPU @ 3.40GHz
stepping	: 3
microcode	: 0x1c
cpu MHz		: 3749.296
cache size	: 8192 KB
physical id	: 0
siblings	: 8
core id		: 3
cpu cores	: 4
apicid		: 7
initial apicid	: 7
fdiv_bug	: no
f00f_bug	: no
coma_bug	: no
fpu		: yes
fpu_exception	: yes
cpuid level	: 13
wp		: yes
flags		: fpu vme de pse tsc msr pae mce cx8 apic sep mtrr pge mca cmov pat pse36 clflush dts acpi mmx fxsr sse sse2 ss ht tm pbe nx pdpe1gb rdtscp lm constant_tsc arch_perfmon pebs bts xtopology nonstop_tsc aperfmperf eagerfpu pni pclmulqdq dtes64 monitor ds_cpl vmx smx est tm2 ssse3 fma cx16 xtpr pdcm pcid sse4_1 sse4_2 x2apic movbe popcnt tsc_deadline_timer aes xsave avx f16c rdrand lahf_lm abm ida arat epb pln pts dtherm tpr_shadow vnmi flexpriority ept vpid fsgsbase tsc_adjust bmi1 avx2 smep bmi2 erms invpcid xsaveopt
bugs		:
bogomips	: 6783.70
clflush size	: 64
cache_alignment	: 64
address sizes	: 39 bits physical, 48 bits virtual
power management:



Memory: 4k page, physical 8229932k(1835880k free), swap 3280892k(2643684k free)

vm_info: OpenJDK Server VM (25.65-b01) for linux-x86 JRE (1.8.0_65-b17), built on Oct 21 2015 06:50:14 by "mockbuild" with gcc 4.9.2 20150212 (Red Hat 4.9.2-6)

time: Fri Mar 17 14:00:08 2017
elapsed time: 444 seconds (0d 0h 7m 24s)

